2023-04-25 15:22:26,563 - INFO - Iniciando el programa
2023-04-25 15:22:26,564 - ERROR - Error al acceder al directorio de entrada: [Errno 2] No such file or directory: './entrada'
2023-04-25 15:22:26,564 - INFO - Finalizando el programa
2023-04-25 15:22:40,611 - INFO - Iniciando el programa
2023-04-25 15:22:40,612 - ERROR - Error al acceder al directorio de entrada: [Errno 2] No such file or directory: './entrada'
2023-04-25 15:22:40,612 - INFO - Finalizando el programa
2023-04-25 15:31:56,614 - INFO - Iniciando el programa
2023-04-25 15:31:56,614 - ERROR - Error al acceder al directorio de entrada: [Errno 2] No such file or directory: './entrada'
2023-04-25 15:31:56,614 - INFO - Finalizando el programa
2023-04-25 15:32:42,190 - INFO - Iniciando el programa
2023-04-25 15:32:42,191 - ERROR - Error al acceder al directorio de entrada: [Errno 2] No such file or directory: './entrada'
2023-04-25 15:32:42,191 - INFO - Finalizando el programa
2023-04-25 15:37:31,979 - INFO - Iniciando el programa
2023-04-25 15:37:31,980 - ERROR - Error al acceder al directorio de entrada: [Errno 2] No such file or directory: './entrada'
2023-04-25 15:37:31,980 - INFO - Finalizando el programa
2023-04-25 15:37:55,158 - INFO - Iniciando el programa
2023-04-25 15:37:55,158 - ERROR - Error al acceder al directorio de entrada: [Errno 2] No such file or directory: './entrada'
2023-04-25 15:37:55,159 - INFO - Finalizando el programa
2023-04-25 15:38:52,627 - INFO - Iniciando el programa
2023-04-25 15:38:52,627 - ERROR - Error al acceder al directorio de entrada: [Errno 2] No such file or directory: './entrada'
2023-04-25 15:38:52,627 - INFO - Finalizando el programa
2023-04-25 15:39:32,997 - INFO - Iniciando el programa
2023-04-25 15:39:32,997 - ERROR - Error al acceder al directorio de entrada: [Errno 2] No such file or directory: './entrada'
2023-04-25 15:39:32,997 - INFO - Finalizando el programa
2023-04-25 15:42:02,546 - INFO - Iniciando el programa
2023-04-25 15:42:02,766 - INFO - Archivo transformado: 25 MANERAS DE GANARSE A LA GENTE - .txt -> 25 MANERAS DE GANARSE A LA GENTE - Boges.txt
2023-04-25 15:42:03,004 - INFO - Archivo transformado: SEAMOS PERSONAS DE INFLUENCIA - JOHN MAXWELL.txt -> SEAMOS PERSONAS DE INFLUENCIA - JOHN MAXWELLBoges.txt
2023-04-25 15:42:03,485 - INFO - Archivo transformado: El Oro Y La Ceniza - Abecassis Eliette .txt -> El Oro Y La Ceniza - Abecassis Eliette Boges.txt
2023-04-25 15:42:03,487 - ERROR - Error al procesar el archivo x.txt: 'utf-8' codec can't decode byte 0xa4 in position 12: invalid start byte
2023-04-25 15:42:03,544 - INFO - Archivo transformado: diccionari.txt -> diccionariBoges.txt
2023-04-25 15:42:03,863 - INFO - Archivo transformado: VIVE TU SUEÑO - JOHN MAXWELL.txt -> VIVE TU SUEÑO - JOHN MAXWELLBoges.txt
2023-04-25 15:42:03,906 - INFO - Archivo transformado: paraules.txt -> paraulesBoges.txt
2023-04-25 15:42:04,107 - INFO - Archivo transformado: ACTITUD DE VENCEDOR - JOHN C. MAXWELL.txt -> ACTITUD DE VENCEDOR - JOHN C. MAXWELLBoges.txt
2023-04-25 15:42:04,408 - INFO - Archivo transformado: 17 LEYES DEL TRABAJO EN EQUIPO.txt -> 17 LEYES DEL TRABAJO EN EQUIPOBoges.txt
2023-04-25 15:42:04,735 - INFO - Archivo transformado: Abe Shana - La última sirena.txt -> Abe Shana - La última sirenaBoges.txt
2023-04-25 15:42:04,735 - INFO - Finalizando el programa
2023-04-25 15:42:59,125 - INFO - Iniciando el programa
2023-04-25 15:42:59,218 - INFO - Archivo transformado: 25 MANERAS DE GANARSE A LA GENTE - .txt -> 25 MANERAS DE GANARSE A LA GENTE - Boges.txt
2023-04-25 15:42:59,343 - INFO - Archivo transformado: SEAMOS PERSONAS DE INFLUENCIA - JOHN MAXWELL.txt -> SEAMOS PERSONAS DE INFLUENCIA - JOHN MAXWELLBoges.txt
2023-04-25 15:42:59,585 - INFO - Archivo transformado: El Oro Y La Ceniza - Abecassis Eliette .txt -> El Oro Y La Ceniza - Abecassis Eliette Boges.txt
2023-04-25 15:42:59,587 - ERROR - Error al procesar el archivo x.txt: 'utf-8' codec can't decode byte 0xa4 in position 12: invalid start byte
2023-04-25 15:42:59,621 - INFO - Archivo transformado: diccionari.txt -> diccionariBoges.txt
2023-04-25 15:42:59,747 - INFO - Archivo transformado: VIVE TU SUEÑO - JOHN MAXWELL.txt -> VIVE TU SUEÑO - JOHN MAXWELLBoges.txt
2023-04-25 15:42:59,759 - INFO - Archivo transformado: paraules.txt -> paraulesBoges.txt
2023-04-25 15:42:59,858 - INFO - Archivo transformado: ACTITUD DE VENCEDOR - JOHN C. MAXWELL.txt -> ACTITUD DE VENCEDOR - JOHN C. MAXWELLBoges.txt
2023-04-25 15:43:00,004 - INFO - Archivo transformado: 17 LEYES DEL TRABAJO EN EQUIPO.txt -> 17 LEYES DEL TRABAJO EN EQUIPOBoges.txt
2023-04-25 15:43:00,339 - INFO - Archivo transformado: Abe Shana - La última sirena.txt -> Abe Shana - La última sirenaBoges.txt
2023-04-25 15:43:00,340 - INFO - Finalizando el programa
